<?xml version="1.0" encoding="UTF-8"?>
<testsuite xmlns:xsi="http://www.w3.org/2001/XMLSchema-instance" xsi:noNamespaceSchemaLocation="https://maven.apache.org/surefire/maven-surefire-plugin/xsd/surefire-test-report-3.0.xsd" version="3.0" name="NotificacionesServiceTest" time="0.145" tests="3" errors="0" skipped="0" failures="0">
  <properties>
[...]
</properties>
  <testcase name="testNotificarUsuarioWhatsApp" classname="NotificacionesServiceTest" time="0.062">
    <system-out><![CDATA[Enviando WHATSAPP a: 0999999999: Hola
]]></system-out>
  </testcase>
  <testcase name="testNotificarUsuarioEmail" classname="NotificacionesServiceTest" time="0.005">
    <system-out><![CDATA[Enviando EMAIL a: test@example.com: Hola
]]></system-out>
  </testcase>
  <testcase name="testNotificarUsuarioSMS" classname="NotificacionesServiceTest" time="0.007">
    <system-out><![CDATA[Enviando SMS a: 0988888888: Hola
]]></system-out>
  </testcase>
</testsuite>